[23:44:07] [main/INFO]: Environment: authHost='https://authserver.mojang.com', accountsHost='https://api.mojang.com', sessionHost='https://sessionserver.mojang.com', servicesHost='https://api.minecraftservices.com', name='PROD'
[23:44:07] [main/WARN]: Ambiguity between arguments [teleport, destination] and [teleport, targets] with inputs: [Player, 0123, @e, dd12be42-52a9-4a91-a8a1-11c01849e498]
[23:44:07] [main/WARN]: Ambiguity between arguments [teleport, location] and [teleport, destination] with inputs: [0.1 -0.5 .9, 0 0 0]
[23:44:07] [main/WARN]: Ambiguity between arguments [teleport, location] and [teleport, targets] with inputs: [0.1 -0.5 .9, 0 0 0]
[23:44:07] [main/WARN]: Ambiguity between arguments [teleport, targets] and [teleport, destination] with inputs: [Player, 0123, dd12be42-52a9-4a91-a8a1-11c01849e498]
[23:44:07] [main/WARN]: Ambiguity between arguments [teleport, targets, location] and [teleport, targets, destination] with inputs: [0.1 -0.5 .9, 0 0 0]
[23:44:07] [main/INFO]: Reloading ResourceManager: Default
[23:44:08] [Worker-Main-8/INFO]: Loaded 7 recipes
[23:44:08] [Worker-Main-8/INFO]: Loaded 927 advancements
[23:44:09] [Server thread/INFO]: Starting minecraft server version 1.16.4
[23:44:09] [Server thread/INFO]: Loading properties
[23:44:09] [Server thread/INFO]: Default game type: SURVIVAL
[23:44:09] [Server thread/INFO]: Generating keypair
[23:44:09] [Server thread/INFO]: Starting Minecraft server on *:25565
[23:44:09] [Server thread/INFO]: Using default channel type
[23:44:11] [Server thread/WARN]: **** SERVER IS RUNNING IN OFFLINE/INSECURE MODE!
[23:44:11] [Server thread/WARN]: The server will make no attempt to authenticate usernames. Beware.
[23:44:11] [Server thread/WARN]: While this makes the game possible to play without internet access, it also opens up the ability for hackers to connect with any username they choose.
[23:44:11] [Server thread/WARN]: To change this, set "online-mode" to "true" in the server.properties file.
[23:44:11] [Server thread/INFO]: Preparing level "world"
[23:44:11] [Server thread/INFO]: Preparing start region for dimension minecraft:overworld
[23:44:12] [Server thread/INFO]: Preparing spawn area: 0%
[23:44:12] [Server thread/INFO]: Preparing spawn area: 0%
[23:44:12] [Server thread/INFO]: Preparing spawn area: 0%
[23:44:13] [Server thread/INFO]: Preparing spawn area: 0%
[23:44:14] [Server thread/INFO]: Time elapsed: 2644 ms
[23:44:14] [Server thread/INFO]: Done (2.772s)! For help, type "help"
[23:44:28] [Server thread/INFO]: Stopping the server
[23:44:28] [Server thread/INFO]: Stopping server
[23:44:28] [Server thread/INFO]: Saving players
[23:44:28] [Server thread/INFO]: Saving worlds
[23:44:28] [Server thread/INFO]: Saving chunks for level 'ServerLevel[world]'/minecraft:overworld
[23:44:29] [Server thread/INFO]: ThreadedAnvilChunkStorage (world): All chunks are saved
[23:44:29] [Server thread/INFO]: Saving chunks for level 'ServerLevel[world]'/minecraft:the_nether
[23:44:29] [Server thread/INFO]: ThreadedAnvilChunkStorage (DIM-1): All chunks are saved
[23:44:29] [Server thread/INFO]: Saving chunks for level 'ServerLevel[world]'/minecraft:the_end
[23:44:29] [Server thread/INFO]: ThreadedAnvilChunkStorage (DIM1): All chunks are saved
[23:44:29] [Server thread/INFO]: ThreadedAnvilChunkStorage (world): All chunks are saved
[23:44:29] [Server thread/INFO]: ThreadedAnvilChunkStorage (DIM-1): All chunks are saved
[23:44:29] [Server thread/INFO]: ThreadedAnvilChunkStorage (DIM1): All chunks are saved
